2024-03-05 18:53:59.339 [info] Log level: Info
2024-03-05 18:53:59.340 [info] Validating found git in: "git"
2024-03-05 18:53:59.340 [info] Using git "2.43.2" from "git"
2024-03-05 18:53:59.340 [info] > git rev-parse --show-toplevel [65ms]
2024-03-05 18:53:59.340 [info] > git rev-parse --git-dir --git-common-dir [7ms]
2024-03-05 18:53:59.340 [info] Open repository: /home/shisia/Development/prework/phase-0-completing-assignments-codegrade
2024-03-05 18:53:59.376 [info] > git rev-parse --show-toplevel [21ms]
2024-03-05 18:53:59.379 [info] > git config --get commit.template [29ms]
2024-03-05 18:53:59.400 [info] > git rev-parse --show-toplevel [13ms]
2024-03-05 18:53:59.417 [info] > git for-each-ref --format=%(refname)%00%(upstream:short)%00%(objectname)%00%(upstream:track)%00%(upstream:remotename)%00%(upstream:remoteref) refs/heads/main refs/remotes/main [19ms]
2024-03-05 18:53:59.425 [warning] ENOENT: no such file or directory, open '/home/shisia/Development/prework/phase-0-completing-assignments-codegrade/.git/refs/remotes/origin/main'
2024-03-05 18:53:59.430 [info] > git rev-parse refs/remotes/origin/main [4ms]
2024-03-05 18:53:59.443 [info] > git status -z -uall [7ms]
2024-03-05 18:53:59.470 [info] > git config --get commit.template [6ms]
2024-03-05 18:53:59.485 [info] > git for-each-ref --format=%(refname)%00%(upstream:short)%00%(objectname)%00%(upstream:track)%00%(upstream:remotename)%00%(upstream:remoteref) refs/heads/main refs/remotes/main [5ms]
2024-03-05 18:53:59.494 [warning] ENOENT: no such file or directory, open '/home/shisia/Development/prework/phase-0-completing-assignments-codegrade/.git/refs/remotes/origin/main'
2024-03-05 18:53:59.496 [info] > git rev-parse refs/remotes/origin/main [3ms]
2024-03-05 18:53:59.506 [info] > git status -z -uall [4ms]
2024-03-05 18:53:59.920 [info] > git check-ignore -v -z --stdin [2ms]
2024-03-05 18:54:03.039 [info] > git show --textconv :README.md [51ms]
2024-03-05 18:54:03.039 [info] > git ls-files --stage -- /home/shisia/Development/prework/phase-0-completing-assignments-codegrade/README.md [40ms]
2024-03-05 18:54:03.056 [info] > git cat-file -s c2b8217c7604b6d232f0d8b6a2344b20971da139 [5ms]
2024-03-05 19:09:03.500 [info] > git check-ignore -v -z --stdin [4ms]
2024-03-05 19:15:13.474 [info] > git check-ignore -v -z --stdin [2ms]
2024-03-05 19:18:13.475 [info] > git check-ignore -v -z --stdin [2ms]
