2024-03-06 08:03:40.522 [info] Log level: Info
2024-03-06 08:03:40.522 [info] Validating found git in: "git"
2024-03-06 08:03:40.522 [info] Using git "2.43.2" from "git"
2024-03-06 08:03:40.522 [info] > git rev-parse --show-toplevel [244ms]
2024-03-06 08:03:40.537 [info] > git rev-parse --git-dir --git-common-dir [18ms]
2024-03-06 08:03:40.595 [info] Open repository: /home/shisia/Development/prework/phase-0-completing-assignments-codegrade
2024-03-06 08:03:40.729 [info] > git rev-parse --show-toplevel [110ms]
2024-03-06 08:03:40.732 [info] > git config --get commit.template [120ms]
2024-03-06 08:03:40.795 [info] > git rev-parse --show-toplevel [51ms]
2024-03-06 08:03:41.028 [info] > git for-each-ref --format=%(refname)%00%(upstream:short)%00%(objectname)%00%(upstream:track)%00%(upstream:remotename)%00%(upstream:remoteref) refs/heads/main refs/remotes/main [267ms]
2024-03-06 08:03:41.189 [info] > git ls-files --stage -- /home/shisia/Development/prework/phase-0-completing-assignments-codegrade/README.md [47ms]
2024-03-06 08:03:41.225 [info] > git show --textconv :README.md [90ms]
2024-03-06 08:03:41.257 [info] > git status -z -uall [78ms]
2024-03-06 08:03:41.258 [info] > git check-ignore -v -z --stdin [6ms]
2024-03-06 08:03:41.291 [info] > git cat-file -s c2b8217c7604b6d232f0d8b6a2344b20971da139 [70ms]
2024-03-06 08:03:41.363 [info] > git config --get commit.template [49ms]
2024-03-06 08:03:41.404 [info] > git for-each-ref --format=%(refname)%00%(upstream:short)%00%(objectname)%00%(upstream:track)%00%(upstream:remotename)%00%(upstream:remoteref) refs/heads/main refs/remotes/main [20ms]
2024-03-06 08:03:41.444 [info] > git status -z -uall [3ms]
2024-03-06 08:17:31.287 [info] > git check-ignore -v -z --stdin [6ms]
2024-03-06 08:17:37.732 [info] > git show --textconv :.github/workflows/canvas-sync-ruby-update.yml [19ms]
2024-03-06 08:17:37.736 [info] > git ls-files --stage -- /home/shisia/Development/prework/phase-0-completing-assignments-codegrade/.github/workflows/canvas-sync-ruby-update.yml [7ms]
2024-03-06 08:17:37.753 [info] > git cat-file -s f8818dc0c66b9e4ec0554fc1d555539f70838808 [4ms]
2024-03-06 08:17:48.261 [info] > git check-ignore -v -z --stdin [2ms]
