0 verbose cli [ '/usr/bin/node', '/bin/npm', 'install' ]
1 info using npm@8.5.1
2 info using node@v12.22.9
3 timing npm:load:whichnode Completed in 0ms
4 timing config:load:defaults Completed in 2ms
5 timing config:load:file:/usr/share/nodejs/npm/npmrc Completed in 4ms
6 timing config:load:builtin Completed in 5ms
7 timing config:load:cli Completed in 2ms
8 timing config:load:env Completed in 0ms
9 timing config:load:project Completed in 2ms
10 timing config:load:file:/home/shisia/.npmrc Completed in 1ms
11 timing config:load:user Completed in 1ms
12 timing config:load:file:/etc/npmrc Completed in 0ms
13 timing config:load:global Completed in 0ms
14 timing config:load:validate Completed in 0ms
15 timing config:load:credentials Completed in 1ms
16 timing config:load:setEnvs Completed in 2ms
17 timing config:load Completed in 17ms
18 timing npm:load:configload Completed in 19ms
19 timing npm:load:setTitle Completed in 1ms
20 timing config:load:flatten Completed in 5ms
21 timing npm:load:display Completed in 8ms
22 verbose logfile /home/shisia/.npm/_logs/2024-03-06T13_57_08_514Z-debug-0.log
23 timing npm:load:logFile Completed in 9ms
24 timing npm:load:timers Completed in 0ms
25 timing npm:load:configScope Completed in 0ms
26 timing npm:load Completed in 39ms
27 timing arborist:ctor Completed in 2ms
28 silly logfile start cleaning logs, removing 1 files
29 timing arborist:ctor Completed in 0ms
30 timing idealTree:init Completed in 28ms
31 timing idealTree:userRequests Completed in 0ms
32 silly idealTree buildDeps
33 timing idealTree:#root Completed in 0ms
34 timing idealTree:buildDeps Completed in 2ms
35 timing idealTree:fixDepFlags Completed in 1ms
36 timing idealTree Completed in 34ms
37 timing reify:loadTrees Completed in 36ms
38 timing reify:diffTrees Completed in 1ms
39 silly reify moves {}
40 timing reify:retireShallow Completed in 0ms
41 timing reify:createSparse Completed in 0ms
42 timing reify:loadBundles Completed in 0ms
43 silly audit report null
44 timing reify:audit Completed in 1ms
45 timing reify:unpack Completed in 0ms
46 timing reify:unretire Completed in 0ms
47 timing build:queue Completed in 0ms
48 timing build:deps Completed in 1ms
49 timing build Completed in 1ms
50 timing reify:build Completed in 1ms
51 timing reify:trash Completed in 0ms
52 timing reify:save Completed in 3ms
53 timing reify Completed in 93ms
54 timing command:install Completed in 99ms
55 verbose stack Error: ENOENT: no such file or directory, open '/home/shisia/package.json'
56 verbose cwd /home/shisia
57 verbose Linux 5.10.102.1-microsoft-standard-WSL2
58 verbose argv "/usr/bin/node" "/bin/npm" "install"
59 verbose node v12.22.9
60 verbose npm  v8.5.1
61 error code ENOENT
62 error syscall open
63 error path /home/shisia/package.json
64 error errno -2
65 error enoent ENOENT: no such file or directory, open '/home/shisia/package.json'
66 error enoent This is related to npm not being able to find a file.
66 error enoent
67 verbose exit -2
68 timing npm Completed in 466ms
69 verbose code -2
70 error A complete log of this run can be found in:
70 error     /home/shisia/.npm/_logs/2024-03-06T13_57_08_514Z-debug-0.log
