0 verbose cli [ '/usr/bin/node', '/bin/npm', 'install' ]
1 info using npm@8.5.1
2 info using node@v12.22.9
3 timing npm:load:whichnode Completed in 0ms
4 timing config:load:defaults Completed in 2ms
5 timing config:load:file:/usr/share/nodejs/npm/npmrc Completed in 4ms
6 timing config:load:builtin Completed in 5ms
7 timing config:load:cli Completed in 2ms
8 timing config:load:env Completed in 1ms
9 timing config:load:file:/home/shisia/Development/.npmrc Completed in 1ms
10 timing config:load:project Completed in 4ms
11 timing config:load:file:/home/shisia/.npmrc Completed in 0ms
12 timing config:load:user Completed in 0ms
13 timing config:load:file:/etc/npmrc Completed in 1ms
14 timing config:load:global Completed in 1ms
15 timing config:load:validate Completed in 0ms
16 timing config:load:credentials Completed in 2ms
17 timing config:load:setEnvs Completed in 1ms
18 timing config:load Completed in 19ms
19 timing npm:load:configload Completed in 19ms
20 timing npm:load:setTitle Completed in 1ms
21 timing config:load:flatten Completed in 6ms
22 timing npm:load:display Completed in 9ms
23 verbose logfile /home/shisia/.npm/_logs/2024-03-06T14_03_13_441Z-debug-0.log
24 timing npm:load:logFile Completed in 9ms
25 timing npm:load:timers Completed in 1ms
26 timing npm:load:configScope Completed in 0ms
27 timing npm:load Completed in 40ms
28 timing arborist:ctor Completed in 1ms
29 silly logfile start cleaning logs, removing 2 files
30 timing arborist:ctor Completed in 1ms
31 timing idealTree:init Completed in 28ms
32 timing idealTree:userRequests Completed in 0ms
33 silly idealTree buildDeps
34 timing idealTree:#root Completed in 0ms
35 timing idealTree:buildDeps Completed in 3ms
36 timing idealTree:fixDepFlags Completed in 0ms
37 timing idealTree Completed in 34ms
38 timing reify:loadTrees Completed in 36ms
39 timing reify:diffTrees Completed in 1ms
40 silly reify moves {}
41 timing reify:retireShallow Completed in 1ms
42 timing reify:createSparse Completed in 0ms
43 timing reify:loadBundles Completed in 0ms
44 silly audit report null
45 timing reify:audit Completed in 2ms
46 timing reify:unpack Completed in 0ms
47 timing reify:unretire Completed in 1ms
48 timing build:queue Completed in 0ms
49 timing build:deps Completed in 1ms
50 timing build Completed in 1ms
51 timing reify:build Completed in 1ms
52 timing reify:trash Completed in 0ms
53 timing reify:save Completed in 3ms
54 timing reify Completed in 89ms
55 timing command:install Completed in 94ms
56 verbose stack Error: ENOENT: no such file or directory, open '/home/shisia/Development/package.json'
57 verbose cwd /home/shisia/Development
58 verbose Linux 5.10.102.1-microsoft-standard-WSL2
59 verbose argv "/usr/bin/node" "/bin/npm" "install"
60 verbose node v12.22.9
61 verbose npm  v8.5.1
62 error code ENOENT
63 error syscall open
64 error path /home/shisia/Development/package.json
65 error errno -2
66 error enoent ENOENT: no such file or directory, open '/home/shisia/Development/package.json'
67 error enoent This is related to npm not being able to find a file.
67 error enoent
68 verbose exit -2
69 timing npm Completed in 463ms
70 verbose code -2
71 error A complete log of this run can be found in:
71 error     /home/shisia/.npm/_logs/2024-03-06T14_03_13_441Z-debug-0.log
