0 verbose cli [ '/usr/bin/node', '/bin/npm', 'test' ]
1 info using npm@8.5.1
2 info using node@v12.22.9
3 timing npm:load:whichnode Completed in 1ms
4 timing config:load:defaults Completed in 3ms
5 timing config:load:file:/usr/share/nodejs/npm/npmrc Completed in 5ms
6 timing config:load:builtin Completed in 5ms
7 timing config:load:cli Completed in 2ms
8 timing config:load:env Completed in 0ms
9 timing config:load:project Completed in 2ms
10 timing config:load:file:/home/shisia/.npmrc Completed in 0ms
11 timing config:load:user Completed in 1ms
12 timing config:load:file:/etc/npmrc Completed in 0ms
13 timing config:load:global Completed in 0ms
14 timing config:load:validate Completed in 1ms
15 timing config:load:credentials Completed in 1ms
16 timing config:load:setEnvs Completed in 2ms
17 timing config:load Completed in 20ms
18 timing npm:load:configload Completed in 20ms
19 timing npm:load:setTitle Completed in 1ms
20 timing config:load:flatten Completed in 6ms
21 timing npm:load:display Completed in 9ms
22 verbose logfile /home/shisia/.npm/_logs/2024-03-06T14_00_38_868Z-debug-0.log
23 timing npm:load:logFile Completed in 9ms
24 timing npm:load:timers Completed in 0ms
25 timing npm:load:configScope Completed in 0ms
26 timing npm:load Completed in 41ms
27 silly logfile start cleaning logs, removing 1 files
28 timing command:run-script Completed in 7ms
29 timing command:test Completed in 14ms
30 verbose stack Error: ENOENT: no such file or directory, open '/home/shisia/package.json'
31 verbose cwd /home/shisia
32 verbose Linux 5.10.102.1-microsoft-standard-WSL2
33 verbose argv "/usr/bin/node" "/bin/npm" "test"
34 verbose node v12.22.9
35 verbose npm  v8.5.1
36 error code ENOENT
37 error syscall open
38 error path /home/shisia/package.json
39 error errno -2
40 error enoent ENOENT: no such file or directory, open '/home/shisia/package.json'
41 error enoent This is related to npm not being able to find a file.
41 error enoent
42 verbose exit -2
43 timing npm Completed in 315ms
44 verbose code -2
45 error A complete log of this run can be found in:
45 error     /home/shisia/.npm/_logs/2024-03-06T14_00_38_868Z-debug-0.log
