0 verbose cli [ '/usr/bin/node', '/bin/npm', 'test' ]
1 info using npm@8.5.1
2 info using node@v12.22.9
3 timing npm:load:whichnode Completed in 1ms
4 timing config:load:defaults Completed in 3ms
5 timing config:load:file:/usr/share/nodejs/npm/npmrc Completed in 5ms
6 timing config:load:builtin Completed in 6ms
7 timing config:load:cli Completed in 2ms
8 timing config:load:env Completed in 1ms
9 timing config:load:file:/home/shisia/Development/prework/.npmrc Completed in 0ms
10 timing config:load:project Completed in 4ms
11 timing config:load:file:/home/shisia/.npmrc Completed in 0ms
12 timing config:load:user Completed in 1ms
13 timing config:load:file:/etc/npmrc Completed in 0ms
14 timing config:load:global Completed in 1ms
15 timing config:load:validate Completed in 0ms
16 timing config:load:credentials Completed in 1ms
17 timing config:load:setEnvs Completed in 1ms
18 timing config:load Completed in 21ms
19 timing npm:load:configload Completed in 21ms
20 timing npm:load:setTitle Completed in 1ms
21 timing config:load:flatten Completed in 6ms
22 timing npm:load:display Completed in 9ms
23 verbose logfile /home/shisia/.npm/_logs/2024-03-06T13_37_34_153Z-debug-0.log
24 timing npm:load:logFile Completed in 9ms
25 timing npm:load:timers Completed in 1ms
26 timing npm:load:configScope Completed in 0ms
27 timing npm:load Completed in 42ms
28 silly logfile start cleaning logs, removing 2 files
29 timing command:run-script Completed in 6ms
30 timing command:test Completed in 11ms
31 verbose stack Error: ENOENT: no such file or directory, open '/home/shisia/Development/prework/package.json'
32 verbose cwd /home/shisia/Development/prework
33 verbose Linux 5.10.102.1-microsoft-standard-WSL2
34 verbose argv "/usr/bin/node" "/bin/npm" "test"
35 verbose node v12.22.9
36 verbose npm  v8.5.1
37 error code ENOENT
38 error syscall open
39 error path /home/shisia/Development/prework/package.json
40 error errno -2
41 error enoent ENOENT: no such file or directory, open '/home/shisia/Development/prework/package.json'
42 error enoent This is related to npm not being able to find a file.
42 error enoent
43 verbose exit -2
44 timing npm Completed in 295ms
45 verbose code -2
46 error A complete log of this run can be found in:
46 error     /home/shisia/.npm/_logs/2024-03-06T13_37_34_153Z-debug-0.log
