2024-03-06 17:12:11.401 [info] Log level: Info
2024-03-06 17:12:11.402 [info] Validating found git in: "git"
2024-03-06 17:12:11.402 [info] Using git "2.43.2" from "git"
2024-03-06 17:12:11.402 [info] > git rev-parse --show-toplevel [19ms]
2024-03-06 17:12:11.402 [info] > git rev-parse --git-dir --git-common-dir [142ms]
2024-03-06 17:12:11.402 [info] Open repository: /home/shisia/Development/prework/phase-0-completing-assignments-codegrade
2024-03-06 17:12:11.409 [info] > git rev-parse --show-toplevel [11ms]
2024-03-06 17:12:11.418 [info] > git config --get commit.template [34ms]
2024-03-06 17:12:11.453 [info] > git rev-parse --show-toplevel [24ms]
2024-03-06 17:12:11.469 [info] > git for-each-ref --format=%(refname)%00%(upstream:short)%00%(objectname)%00%(upstream:track)%00%(upstream:remotename)%00%(upstream:remoteref) refs/heads/main refs/remotes/main [18ms]
2024-03-06 17:12:11.486 [info] > git status -z -uall [4ms]
2024-03-06 17:12:11.537 [info] > git config --get commit.template [3ms]
2024-03-06 17:12:11.557 [info] > git for-each-ref --format=%(refname)%00%(upstream:short)%00%(objectname)%00%(upstream:track)%00%(upstream:remotename)%00%(upstream:remoteref) refs/heads/main refs/remotes/main [4ms]
2024-03-06 17:12:11.579 [info] > git status -z -uall [1ms]
2024-03-06 17:12:11.948 [info] > git check-ignore -v -z --stdin [3ms]
2024-03-06 17:12:34.956 [info] > git config --get commit.template [4ms]
2024-03-06 17:12:34.968 [info] > git for-each-ref --format=%(refname)%00%(upstream:short)%00%(objectname)%00%(upstream:track)%00%(upstream:remotename)%00%(upstream:remoteref) refs/heads/main refs/remotes/main [3ms]
2024-03-06 17:12:34.981 [info] > git status -z -uall [3ms]
2024-03-06 17:13:19.347 [info] > git config --get commit.template [9ms]
2024-03-06 17:13:19.349 [info] > git for-each-ref --format=%(refname)%00%(upstream:short)%00%(objectname)%00%(upstream:track)%00%(upstream:remotename)%00%(upstream:remoteref) refs/heads/main refs/remotes/main [4ms]
2024-03-06 17:13:19.359 [info] > git status -z -uall [4ms]
